Arguments: 
  C:\Program Files\nodejs\node.exe C:\Program Files (x86)\Yarn\bin\yarn.js

PATH: 
  C:\Program Files\Python37\Scripts\;C:\Program Files\Python37\;C:\Users\玉米\AppData\Local\Programs\Python\Python37-32\Scripts;C;\Program Files (x86)\Microsoft Visual Studio 14.0\VC\bin;C:\MinGW\bin;C:\Program Files\MATLAB\R2019b\bin;C:\WINDOWS\system32;C:\WINDOWS;C:\WINDOWS\System32\Wbem;C:\WINDOWS\System32\WindowsPowerShell\v1.0\;C:\WINDOWS\System32\OpenSSH\;C:\Program Files\Git\cmd;C:\Program Files\nodejs\;C:\Program Files (x86)\Yarn\bin\;C:\Program Files (x86)\Vim\vim82;C:\Users\玉米\AppData\Local\Programs\Microsoft VS Code\bin;C:\Users\玉米\AppData\Local\Microsoft\WindowsApps;C:\Program Files\heroku\bin;C:\Users\玉米\AppData\Roaming\npm;C:\Users\玉米\AppData\Local\Yarn\bin

Yarn version: 
  1.22.5

Node version: 
  15.0.1

Platform: 
  win32 x64

Trace: 
  SyntaxError: C:\web\Web2020-FinalProject\package.json: Unexpected token < in JSON at position 2
      at JSON.parse (<anonymous>)
      at C:\Program Files (x86)\Yarn\lib\cli.js:1625:59
      at Generator.next (<anonymous>)
      at step (C:\Program Files (x86)\Yarn\lib\cli.js:310:30)
      at C:\Program Files (x86)\Yarn\lib\cli.js:321:13

npm manifest: 
  {
  <<<<<<< HEAD
    "name": "backend",
    "version": "1.0.0",
    "main": "index.js",
    "license": "MIT",
    "dependencies": {
      "axios": "^0.21.1",
      "cors": "^2.8.5",
      "dotenv-defaults": "^2.0.1",
      "express": "^4.17.1",
      "mongoose": "^5.11.12"
  =======
    "name": "2020web-finalproject",
    "version": "0.1.0",
    "private": true,
    "dependencies": {},
    "scripts": {
      "preinstall": "cd ./frontend && yarn && cd ../backend && yarn",
      "start": "cd ./backend && yarn server",
      "server": "cd ./backend && yarn server",
      "build": "cd ./frontend && yarn build",
      "test": "react-scripts test",
      "eject": "react-scripts eject"
    },
    "eslintConfig": {
      "extends": [
        "react-app",
        "react-app/jest"
      ]
  >>>>>>> f4bd46b53520f462e77d38058359ed7eedc9ccab
    },
    "type": "module",
    "scripts": {
      "server": "nodemon server.js",
      "start": "cd backend && node server.js",
      "heroku-postbuild": "cd frontend && yarn && yarn build"
    }
  }

yarn manifest: 
  No manifest

Lockfile: 
  No lockfile
